\BOOKMARK [1][-]{section.1}{Sem Outline}{}% 1
\BOOKMARK [1][-]{section.2}{Exam Notes}{}% 2
\BOOKMARK [2][-]{subsection.2.1}{Chapter 1}{section.2}% 3
\BOOKMARK [2][-]{subsection.2.2}{Chapter 2: Application Layer}{section.2}% 4
\BOOKMARK [2][-]{subsection.2.3}{Chapter 3: Transport Layer}{section.2}% 5
\BOOKMARK [2][-]{subsection.2.4}{Chapter 4: Network Layer \205 Data Plane}{section.2}% 6
\BOOKMARK [2][-]{subsection.2.5}{Chapter 5: Network Layer \205 Control Plane}{section.2}% 7
\BOOKMARK [2][-]{subsection.2.6}{Chapter 6: Link Layer}{section.2}% 8
\BOOKMARK [2][-]{subsection.2.7}{Chapter 7: Wireless}{section.2}% 9
\BOOKMARK [2][-]{subsection.2.8}{Chapter 8: Security}{section.2}% 10
\BOOKMARK [2][-]{subsection.2.9}{Chapter 9: Multimedia}{section.2}% 11
\BOOKMARK [2][-]{subsection.2.10}{Packet Formats}{section.2}% 12
\BOOKMARK [1][-]{section.3}{Chapter 1}{}% 13
\BOOKMARK [2][-]{subsection.3.1}{Network Structure}{section.3}% 14
\BOOKMARK [2][-]{subsection.3.2}{Access Network}{section.3}% 15
\BOOKMARK [3][-]{subsubsection.3.2.1}{Digital Subscriber Line \(DSL\)}{subsection.3.2}% 16
\BOOKMARK [3][-]{subsubsection.3.2.2}{Cable Network}{subsection.3.2}% 17
\BOOKMARK [2][-]{subsection.3.3}{Sending}{section.3}% 18
\BOOKMARK [2][-]{subsection.3.4}{Physical Media}{section.3}% 19
\BOOKMARK [3][-]{subsubsection.3.4.1}{Coax}{subsection.3.4}% 20
\BOOKMARK [3][-]{subsubsection.3.4.2}{Fiber Optic Cable}{subsection.3.4}% 21
\BOOKMARK [3][-]{subsubsection.3.4.3}{Radio}{subsection.3.4}% 22
\BOOKMARK [2][-]{subsection.3.5}{Packet-switching}{section.3}% 23
\BOOKMARK [3][-]{subsubsection.3.5.1}{Store-and-forward}{subsection.3.5}% 24
\BOOKMARK [3][-]{subsubsection.3.5.2}{Packet switching versus circuit switching}{subsection.3.5}% 25
\BOOKMARK [2][-]{subsection.3.6}{Packet Loss}{section.3}% 26
\BOOKMARK [3][-]{subsubsection.3.6.1}{Nodal Processing}{subsection.3.6}% 27
\BOOKMARK [3][-]{subsubsection.3.6.2}{Queuing Delay}{subsection.3.6}% 28
\BOOKMARK [3][-]{subsubsection.3.6.3}{Transmission Delay}{subsection.3.6}% 29
\BOOKMARK [3][-]{subsubsection.3.6.4}{Propagation Delay}{subsection.3.6}% 30
\BOOKMARK [2][-]{subsection.3.7}{Throughput}{section.3}% 31
\BOOKMARK [2][-]{subsection.3.8}{Layering}{section.3}% 32
\BOOKMARK [3][-]{subsubsection.3.8.1}{Why Layering?}{subsection.3.8}% 33
\BOOKMARK [3][-]{subsubsection.3.8.2}{Internet Protocol Stack}{subsection.3.8}% 34
\BOOKMARK [3][-]{subsubsection.3.8.3}{ISO/OSI Reference Model}{subsection.3.8}% 35
\BOOKMARK [2][-]{subsection.3.9}{Security}{section.3}% 36
\BOOKMARK [3][-]{subsubsection.3.9.1}{DoS: Denial of Service}{subsection.3.9}% 37
\BOOKMARK [3][-]{subsubsection.3.9.2}{Sniffing}{subsection.3.9}% 38
\BOOKMARK [3][-]{subsubsection.3.9.3}{IP Spoofing}{subsection.3.9}% 39
\BOOKMARK [1][-]{section.4}{Chapter 2}{}% 40
\BOOKMARK [2][-]{subsection.4.1}{Application Architectures}{section.4}% 41
\BOOKMARK [3][-]{subsubsection.4.1.1}{Client-Server}{subsection.4.1}% 42
\BOOKMARK [3][-]{subsubsection.4.1.2}{Peer-to-Peer \(P2P\)}{subsection.4.1}% 43
\BOOKMARK [2][-]{subsection.4.2}{Transport Service is needed}{section.4}% 44
\BOOKMARK [2][-]{subsection.4.3}{Transport Protocol Services}{section.4}% 45
\BOOKMARK [3][-]{subsubsection.4.3.1}{TCP}{subsection.4.3}% 46
\BOOKMARK [3][-]{subsubsection.4.3.2}{UDP}{subsection.4.3}% 47
\BOOKMARK [3][-]{subsubsection.4.3.3}{Securing TCP}{subsection.4.3}% 48
\BOOKMARK [2][-]{subsection.4.4}{HTTP: Hypertext Transfer Protocol}{section.4}% 49
\BOOKMARK [3][-]{subsubsection.4.4.1}{Method Types}{subsection.4.4}% 50
\BOOKMARK [3][-]{subsubsection.4.4.2}{Response Codes}{subsection.4.4}% 51
\BOOKMARK [2][-]{subsection.4.5}{Cookies}{section.4}% 52
\BOOKMARK [2][-]{subsection.4.6}{Web Caches \(proxy server\)}{section.4}% 53
\BOOKMARK [3][-]{subsubsection.4.6.1}{Conditional GET}{subsection.4.6}% 54
\BOOKMARK [2][-]{subsection.4.7}{Electronic Mail: SMTP}{section.4}% 55
\BOOKMARK [3][-]{subsubsection.4.7.1}{Mail Access Protocols}{subsection.4.7}% 56
\BOOKMARK [2][-]{subsection.4.8}{DNS: Domain Name System}{section.4}% 57
\BOOKMARK [3][-]{subsubsection.4.8.1}{DNS Services}{subsection.4.8}% 58
\BOOKMARK [3][-]{subsubsection.4.8.2}{TLD, authoritative servers}{subsection.4.8}% 59
\BOOKMARK [3][-]{subsubsection.4.8.3}{Local DNS name server}{subsection.4.8}% 60
\BOOKMARK [3][-]{subsubsection.4.8.4}{DNS Name Resolution}{subsection.4.8}% 61
\BOOKMARK [3][-]{subsubsection.4.8.5}{Caching}{subsection.4.8}% 62
\BOOKMARK [3][-]{subsubsection.4.8.6}{DNS Records}{subsection.4.8}% 63
\BOOKMARK [3][-]{subsubsection.4.8.7}{Protocol}{subsection.4.8}% 64
\BOOKMARK [3][-]{subsubsection.4.8.8}{Attacking DNS}{subsection.4.8}% 65
\BOOKMARK [2][-]{subsection.4.9}{File Distribution Time}{section.4}% 66
\BOOKMARK [3][-]{subsubsection.4.9.1}{Client-server}{subsection.4.9}% 67
\BOOKMARK [3][-]{subsubsection.4.9.2}{P2P}{subsection.4.9}% 68
\BOOKMARK [3][-]{subsubsection.4.9.3}{BitTorrent}{subsection.4.9}% 69
\BOOKMARK [2][-]{subsection.4.10}{Multimedia}{section.4}% 70
\BOOKMARK [3][-]{subsubsection.4.10.1}{Video}{subsection.4.10}% 71
\BOOKMARK [3][-]{subsubsection.4.10.2}{DASH}{subsection.4.10}% 72
\BOOKMARK [3][-]{subsubsection.4.10.3}{Content Distribution Networks \(CDNs\)}{subsection.4.10}% 73
\BOOKMARK [1][-]{section.5}{Chapter 3}{}% 74
\BOOKMARK [2][-]{subsection.5.1}{Transport vs. Network Layer}{section.5}% 75
\BOOKMARK [2][-]{subsection.5.2}{Multiplexing/demultiplexing}{section.5}% 76
\BOOKMARK [3][-]{subsubsection.5.2.1}{How demultiplexing works}{subsection.5.2}% 77
\BOOKMARK [2][-]{subsection.5.3}{UDP}{section.5}% 78
\BOOKMARK [3][-]{subsubsection.5.3.1}{UDP Checksum}{subsection.5.3}% 79
\BOOKMARK [2][-]{subsection.5.4}{Pipelined Protocols}{section.5}% 80
\BOOKMARK [3][-]{subsubsection.5.4.1}{Go-Back-N}{subsection.5.4}% 81
\BOOKMARK [3][-]{subsubsection.5.4.2}{Selective Repeat}{subsection.5.4}% 82
\BOOKMARK [2][-]{subsection.5.5}{TCP Segment Structure}{section.5}% 83
\BOOKMARK [3][-]{subsubsection.5.5.1}{TCP Round Trip Time, Timeout}{subsection.5.5}% 84
\BOOKMARK [3][-]{subsubsection.5.5.2}{TCP Flow Control}{subsection.5.5}% 85
\BOOKMARK [3][-]{subsubsection.5.5.3}{Closing}{subsection.5.5}% 86
\BOOKMARK [2][-]{subsection.5.6}{TCP Congestion Control}{section.5}% 87
\BOOKMARK [2][-]{subsection.5.7}{Fairness}{section.5}% 88
\BOOKMARK [2][-]{subsection.5.8}{Explicit Congestion Notification}{section.5}% 89
\BOOKMARK [1][-]{section.6}{Chapter 4}{}% 90
\BOOKMARK [2][-]{subsection.6.1}{Network Layer}{section.6}% 91
\BOOKMARK [3][-]{subsubsection.6.1.1}{Network Layer Functions}{subsection.6.1}% 92
\BOOKMARK [3][-]{subsubsection.6.1.2}{Data Plane, Control Plane}{subsection.6.1}% 93
\BOOKMARK [2][-]{subsection.6.2}{Router Forwarding}{section.6}% 94
\BOOKMARK [3][-]{subsubsection.6.2.1}{Destination-based forwarding}{subsection.6.2}% 95
\BOOKMARK [3][-]{subsubsection.6.2.2}{Switching Fabrics}{subsection.6.2}% 96
\BOOKMARK [3][-]{subsubsection.6.2.3}{Input port queuing}{subsection.6.2}% 97
\BOOKMARK [3][-]{subsubsection.6.2.4}{Output ports}{subsection.6.2}% 98
\BOOKMARK [3][-]{subsubsection.6.2.5}{Scheduling Mechanisms}{subsection.6.2}% 99
\BOOKMARK [2][-]{subsection.6.3}{IP}{section.6}% 100
\BOOKMARK [3][-]{subsubsection.6.3.1}{IP Datagram Format}{subsection.6.3}% 101
\BOOKMARK [3][-]{subsubsection.6.3.2}{IP Fragmentation, Reassembly}{subsection.6.3}% 102
\BOOKMARK [3][-]{subsubsection.6.3.3}{IP Addressing}{subsection.6.3}% 103
\BOOKMARK [3][-]{subsubsection.6.3.4}{Subnets}{subsection.6.3}% 104
\BOOKMARK [3][-]{subsubsection.6.3.5}{DHCP: Dynamic Host Configuration Protocol}{subsection.6.3}% 105
\BOOKMARK [3][-]{subsubsection.6.3.6}{ICANN}{subsection.6.3}% 106
\BOOKMARK [3][-]{subsubsection.6.3.7}{NAT}{subsection.6.3}% 107
\BOOKMARK [3][-]{subsubsection.6.3.8}{IPv6}{subsection.6.3}% 108
\BOOKMARK [3][-]{subsubsection.6.3.9}{IPv6 Datagram Format}{subsection.6.3}% 109
\BOOKMARK [3][-]{subsubsection.6.3.10}{Other changes from IPv4}{subsection.6.3}% 110
\BOOKMARK [3][-]{subsubsection.6.3.11}{Transition from IPv4 to IPv6}{subsection.6.3}% 111
\BOOKMARK [2][-]{subsection.6.4}{Generalized Forwarding and SDN}{section.6}% 112
\BOOKMARK [3][-]{subsubsection.6.4.1}{OpenFlow data plane abstraction}{subsection.6.4}% 113
\BOOKMARK [3][-]{subsubsection.6.4.2}{OpenFlow Abstraction}{subsection.6.4}% 114
\BOOKMARK [1][-]{section.7}{Chapter 5}{}% 115
\BOOKMARK [2][-]{subsection.7.1}{Control Plane}{section.7}% 116
\BOOKMARK [3][-]{subsubsection.7.1.1}{Per-router control plane}{subsection.7.1}% 117
\BOOKMARK [3][-]{subsubsection.7.1.2}{Logically centralized control plane}{subsection.7.1}% 118
\BOOKMARK [2][-]{subsection.7.2}{Routing Protocols}{section.7}% 119
\BOOKMARK [3][-]{subsubsection.7.2.1}{Global or Decentralized information}{subsection.7.2}% 120
\BOOKMARK [3][-]{subsubsection.7.2.2}{Static or Dynamic}{subsection.7.2}% 121
\BOOKMARK [3][-]{subsubsection.7.2.3}{Link-State Routing Algorithm}{subsection.7.2}% 122
\BOOKMARK [3][-]{subsubsection.7.2.4}{Distance Vector Algorithm}{subsection.7.2}% 123
\BOOKMARK [3][-]{subsubsection.7.2.5}{Comparison of LS and DV algorithms}{subsection.7.2}% 124
\BOOKMARK [2][-]{subsection.7.3}{Making Routing Scalable}{section.7}% 125
\BOOKMARK [3][-]{subsubsection.7.3.1}{Interconnected ASes}{subsection.7.3}% 126
\BOOKMARK [3][-]{subsubsection.7.3.2}{Intra-AS Routing}{subsection.7.3}% 127
\BOOKMARK [3][-]{subsubsection.7.3.3}{Hierarchical OSPF}{subsection.7.3}% 128
\BOOKMARK [3][-]{subsubsection.7.3.4}{Internet inter-AS routing}{subsection.7.3}% 129
\BOOKMARK [2][-]{subsection.7.4}{Software Defined Networking \(SDN\)}{section.7}% 130
\BOOKMARK [3][-]{subsubsection.7.4.1}{SDN perspective: Data Plane Switches}{subsection.7.4}% 131
\BOOKMARK [3][-]{subsubsection.7.4.2}{SDN perspective: SDN controller}{subsection.7.4}% 132
\BOOKMARK [3][-]{subsubsection.7.4.3}{SDN perspective: Control Applications}{subsection.7.4}% 133
\BOOKMARK [3][-]{subsubsection.7.4.4}{OpenFlow: controller-to-switch messages}{subsection.7.4}% 134
\BOOKMARK [2][-]{subsection.7.5}{OpenDaylight \(ODL\) controller}{section.7}% 135
\BOOKMARK [2][-]{subsection.7.6}{ONOS controller}{section.7}% 136
\BOOKMARK [2][-]{subsection.7.7}{ICMP: Internet Control Message Protocol}{section.7}% 137
\BOOKMARK [2][-]{subsection.7.8}{Network Management and SNMP}{section.7}% 138
\BOOKMARK [3][-]{subsubsection.7.8.1}{SNMP Protocol: Message Types}{subsection.7.8}% 139
\BOOKMARK [1][-]{section.8}{Acronyms}{}% 140
